d:\repository\zpg\cviceni1\cviceni1\x64\debug\vc142.pdb
d:\repository\zpg\cviceni1\cviceni1\x64\debug\vc142.idb
d:\repository\zpg\cviceni1\cviceni1\x64\debug\source.obj
d:\repository\zpg\cviceni1\cviceni1\x64\debug\shadermanager.obj
d:\repository\zpg\cviceni1\cviceni1\x64\debug\shader.obj
d:\repository\zpg\cviceni1\cviceni1\x64\debug\scene.obj
d:\repository\zpg\cviceni1\cviceni1\x64\debug\object.obj
d:\repository\zpg\cviceni1\cviceni1\x64\debug\modelmanager.obj
d:\repository\zpg\cviceni1\cviceni1\x64\debug\model.obj
d:\repository\zpg\cviceni1\cviceni1\x64\debug\light.obj
d:\repository\zpg\cviceni1\cviceni1\x64\debug\camera.obj
d:\repository\zpg\cviceni1\cviceni1\x64\debug\application.obj
d:\repository\zpg\cviceni1\x64\debug\cviceni1.ilk
d:\repository\zpg\cviceni1\x64\debug\cviceni1.exe
d:\repository\zpg\cviceni1\x64\debug\cviceni1.pdb
d:\repository\zpg\cviceni1\cviceni1\x64\debug\cviceni1.tlog\cl.command.1.tlog
d:\repository\zpg\cviceni1\cviceni1\x64\debug\cviceni1.tlog\cl.read.1.tlog
d:\repository\zpg\cviceni1\cviceni1\x64\debug\cviceni1.tlog\cl.write.1.tlog
d:\repository\zpg\cviceni1\cviceni1\x64\debug\cviceni1.tlog\link.command.1.tlog
d:\repository\zpg\cviceni1\cviceni1\x64\debug\cviceni1.tlog\link.read.1.tlog
d:\repository\zpg\cviceni1\cviceni1\x64\debug\cviceni1.tlog\link.write.1.tlog
